# JRE version: 7.0_21-b11
# Java VM: Java HotSpot(TM) Server VM (23.21-b01 mixed mode linux-x86 )
Heap
 PSYoungGen      total 19136K, used 4960K [0x9e090000, 0x9f5e0000, 0xb35e0000)
  eden space 16448K, 26% used [0x9e090000,0x9e4c00f8,0x9f0a0000)
  from space 2688K, 25% used [0x9f340000,0x9f3e8040,0x9f5e0000)
  to   space 2688K, 0% used [0x9f0a0000,0x9f0a0000,0x9f340000)
 ParOldGen       total 43712K, used 16K [0x735e0000, 0x76090000, 0x9e090000)
  object space 43712K, 0% used [0x735e0000,0x735e4000,0x76090000)
 PSPermGen       total 16384K, used 4864K [0x6f5e0000, 0x705e0000, 0x735e0000)
  object space 16384K, 29% used [0x6f5e0000,0x6faa00a8,0x705e0000)
GC Heap History (8 events):
Event: 0,825 GC heap before
{Heap before GC invocations=1 (full 0):
 PSYoungGen      total 19136K, used 16448K [0x9e090000, 0x9f5e0000, 0xb35e0000)
  eden space 16448K, 100% used [0x9e090000,0x9f0a0000,0x9f0a0000)
  from space 2688K, 0% used [0x9f340000,0x9f340000,0x9f5e0000)
  to   space 2688K, 0% used [0x9f0a0000,0x9f0a0000,0x9f340000)
 ParOldGen       total 43712K, used 0K [0x735e0000, 0x76090000, 0x9e090000)
  object space 43712K, 0% used [0x735e0000,0x735e0000,0x76090000)
 PSPermGen       total 16384K, used 4056K [0x6f5e0000, 0x705e0000, 0x735e0000)
  object space 16384K, 24% used [0x6f5e0000,0x6f9d6100,0x705e0000)
Event: 0,827 GC heap after
Heap after GC invocations=1 (full 0):
 PSYoungGen      total 19136K, used 784K [0x9e090000, 0x9f5e0000, 0xb35e0000)
  eden space 16448K, 0% used [0x9e090000,0x9e090000,0x9f0a0000)
  from space 2688K, 29% used [0x9f0a0000,0x9f164028,0x9f340000)
  to   space 2688K, 0% used [0x9f340000,0x9f340000,0x9f5e0000)
 ParOldGen       total 43712K, used 4K [0x735e0000, 0x76090000, 0x9e090000)
  object space 43712K, 0% used [0x735e0000,0x735e1000,0x76090000)
 PSPermGen       total 16384K, used 4056K [0x6f5e0000, 0x705e0000, 0x735e0000)
  object space 16384K, 24% used [0x6f5e0000,0x6f9d6100,0x705e0000)
}
Event: 1,354 GC heap before
{Heap before GC invocations=2 (full 0):
 PSYoungGen      total 19136K, used 17232K [0x9e090000, 0x9f5e0000, 0xb35e0000)
  eden space 16448K, 100% used [0x9e090000,0x9f0a0000,0x9f0a0000)
  from space 2688K, 29% used [0x9f0a0000,0x9f164028,0x9f340000)
  to   space 2688K, 0% used [0x9f340000,0x9f340000,0x9f5e0000)
 ParOldGen       total 43712K, used 4K [0x735e0000, 0x76090000, 0x9e090000)
  object space 43712K, 0% used [0x735e0000,0x735e1000,0x76090000)
 PSPermGen       total 16384K, used 4068K [0x6f5e0000, 0x705e0000, 0x735e0000)
  object space 16384K, 24% used [0x6f5e0000,0x6f9d91e0,0x705e0000)
Event: 1,356 GC heap after
Heap after GC invocations=2 (full 0):
 PSYoungGen      total 19136K, used 624K [0x9e090000, 0x9f5e0000, 0xb35e0000)
  eden space 16448K, 0% used [0x9e090000,0x9e090000,0x9f0a0000)
  from space 2688K, 23% used [0x9f340000,0x9f3dc040,0x9f5e0000)
  to   space 2688K, 0% used [0x9f0a0000,0x9f0a0000,0x9f340000)
 ParOldGen       total 43712K, used 8K [0x735e0000, 0x76090000, 0x9e090000)
  object space 43712K, 0% used [0x735e0000,0x735e2000,0x76090000)
 PSPermGen       total 16384K, used 4068K [0x6f5e0000, 0x705e0000, 0x735e0000)
  object space 16384K, 24% used [0x6f5e0000,0x6f9d91e0,0x705e0000)
}
Event: 1,816 GC heap before
{Heap before GC invocations=3 (full 0):
 PSYoungGen      total 19136K, used 17072K [0x9e090000, 0x9f5e0000, 0xb35e0000)
  eden space 16448K, 100% used [0x9e090000,0x9f0a0000,0x9f0a0000)
  from space 2688K, 23% used [0x9f340000,0x9f3dc040,0x9f5e0000)
  to   space 2688K, 0% used [0x9f0a0000,0x9f0a0000,0x9f340000)
 ParOldGen       total 43712K, used 8K [0x735e0000, 0x76090000, 0x9e090000)
  object space 43712K, 0% used [0x735e0000,0x735e2000,0x76090000)
 PSPermGen       total 16384K, used 4069K [0x6f5e0000, 0x705e0000, 0x735e0000)
  object space 16384K, 24% used [0x6f5e0000,0x6f9d9618,0x705e0000)
Event: 1,818 GC heap after
Heap after GC invocations=3 (full 0):
 PSYoungGen      total 19136K, used 2327K [0x9e090000, 0x9f5e0000, 0xb35e0000)
  eden space 16448K, 0% used [0x9e090000,0x9e090000,0x9f0a0000)
  from space 2688K, 86% used [0x9f0a0000,0x9f2e5e48,0x9f340000)
  to   space 2688K, 0% used [0x9f340000,0x9f340000,0x9f5e0000)
 ParOldGen       total 43712K, used 12K [0x735e0000, 0x76090000, 0x9e090000)
  object space 43712K, 0% used [0x735e0000,0x735e3000,0x76090000)
 PSPermGen       total 16384K, used 4069K [0x6f5e0000, 0x705e0000, 0x735e0000)
  object space 16384K, 24% used [0x6f5e0000,0x6f9d9618,0x705e0000)
}
Event: 2,202 GC heap before
{Heap before GC invocations=4 (full 0):
 PSYoungGen      total 19136K, used 18775K [0x9e090000, 0x9f5e0000, 0xb35e0000)
  eden space 16448K, 100% used [0x9e090000,0x9f0a0000,0x9f0a0000)
  from space 2688K, 86% used [0x9f0a0000,0x9f2e5e48,0x9f340000)
  to   space 2688K, 0% used [0x9f340000,0x9f340000,0x9f5e0000)
 ParOldGen       total 43712K, used 12K [0x735e0000, 0x76090000, 0x9e090000)
  object space 43712K, 0% used [0x735e0000,0x735e3000,0x76090000)
 PSPermGen       total 16384K, used 4083K [0x6f5e0000, 0x705e0000, 0x735e0000)
  object space 16384K, 24% used [0x6f5e0000,0x6f9dcf90,0x705e0000)
Event: 2,204 GC heap after
Heap after GC invocations=4 (full 0):
 PSYoungGen      total 19136K, used 672K [0x9e090000, 0x9f5e0000, 0xb35e0000)
  eden space 16448K, 0% used [0x9e090000,0x9e090000,0x9f0a0000)
  from space 2688K, 25% used [0x9f340000,0x9f3e8040,0x9f5e0000)
  to   space 2688K, 0% used [0x9f0a0000,0x9f0a0000,0x9f340000)
 ParOldGen       total 43712K, used 16K [0x735e0000, 0x76090000, 0x9e090000)
  object space 43712K, 0% used [0x735e0000,0x735e4000,0x76090000)
 PSPermGen       total 16384K, used 4083K [0x6f5e0000, 0x705e0000, 0x735e0000)
  object space 16384K, 24% used [0x6f5e0000,0x6f9dcf90,0x705e0000)
}

