# JRE version: 7.0_21-b11
# Java VM: Java HotSpot(TM) Server VM (23.21-b01 mixed mode linux-x86 )
Heap
 PSYoungGen      total 18752K, used 4694K [0x9e0f0000, 0x9fa40000, 0xb3640000)
  eden space 16064K, 14% used [0x9e0f0000,0x9e334a08,0x9f0a0000)
  from space 2688K, 88% used [0x9f100000,0x9f350ee8,0x9f3a0000)
  to   space 4928K, 0% used [0x9f570000,0x9f570000,0x9fa40000)
 ParOldGen       total 43712K, used 2065K [0x73640000, 0x760f0000, 0x9e0f0000)
  object space 43712K, 4% used [0x73640000,0x73844550,0x760f0000)
 PSPermGen       total 16384K, used 7993K [0x6f640000, 0x70640000, 0x73640000)
  object space 16384K, 48% used [0x6f640000,0x6fe0e490,0x70640000)
GC Heap History (10 events):
Event: 0,755 GC heap before
{Heap before GC invocations=1 (full 0):
 PSYoungGen      total 19136K, used 16448K [0x9e0f0000, 0x9f640000, 0xb3640000)
  eden space 16448K, 100% used [0x9e0f0000,0x9f100000,0x9f100000)
  from space 2688K, 0% used [0x9f3a0000,0x9f3a0000,0x9f640000)
  to   space 2688K, 0% used [0x9f100000,0x9f100000,0x9f3a0000)
 ParOldGen       total 43712K, used 0K [0x73640000, 0x760f0000, 0x9e0f0000)
  object space 43712K, 0% used [0x73640000,0x73640000,0x760f0000)
 PSPermGen       total 16384K, used 5505K [0x6f640000, 0x70640000, 0x73640000)
  object space 16384K, 33% used [0x6f640000,0x6fba0468,0x70640000)
Event: 0,759 GC heap after
Heap after GC invocations=1 (full 0):
 PSYoungGen      total 19136K, used 2680K [0x9e0f0000, 0x9f640000, 0xb3640000)
  eden space 16448K, 0% used [0x9e0f0000,0x9e0f0000,0x9f100000)
  from space 2688K, 99% used [0x9f100000,0x9f39e0e0,0x9f3a0000)
  to   space 2688K, 0% used [0x9f3a0000,0x9f3a0000,0x9f640000)
 ParOldGen       total 43712K, used 2049K [0x73640000, 0x760f0000, 0x9e0f0000)
  object space 43712K, 4% used [0x73640000,0x73840550,0x760f0000)
 PSPermGen       total 16384K, used 5505K [0x6f640000, 0x70640000, 0x73640000)
  object space 16384K, 33% used [0x6f640000,0x6fba0468,0x70640000)
}
Event: 1,279 GC heap before
{Heap before GC invocations=2 (full 0):
 PSYoungGen      total 19136K, used 19128K [0x9e0f0000, 0x9f640000, 0xb3640000)
  eden space 16448K, 100% used [0x9e0f0000,0x9f100000,0x9f100000)
  from space 2688K, 99% used [0x9f100000,0x9f39e0e0,0x9f3a0000)
  to   space 2688K, 0% used [0x9f3a0000,0x9f3a0000,0x9f640000)
 ParOldGen       total 43712K, used 2049K [0x73640000, 0x760f0000, 0x9e0f0000)
  object space 43712K, 4% used [0x73640000,0x73840550,0x760f0000)
 PSPermGen       total 16384K, used 5522K [0x6f640000, 0x70640000, 0x73640000)
  object space 16384K, 33% used [0x6f640000,0x6fba4b78,0x70640000)
Event: 1,280 GC heap after
Heap after GC invocations=2 (full 0):
 PSYoungGen      total 19136K, used 480K [0x9e0f0000, 0x9f640000, 0xb3640000)
  eden space 16448K, 0% used [0x9e0f0000,0x9e0f0000,0x9f100000)
  from space 2688K, 17% used [0x9f3a0000,0x9f418050,0x9f640000)
  to   space 2688K, 0% used [0x9f100000,0x9f100000,0x9f3a0000)
 ParOldGen       total 43712K, used 2053K [0x73640000, 0x760f0000, 0x9e0f0000)
  object space 43712K, 4% used [0x73640000,0x73841550,0x760f0000)
 PSPermGen       total 16384K, used 5522K [0x6f640000, 0x70640000, 0x73640000)
  object space 16384K, 33% used [0x6f640000,0x6fba4b78,0x70640000)
}
Event: 1,762 GC heap before
{Heap before GC invocations=3 (full 0):
 PSYoungGen      total 19136K, used 16928K [0x9e0f0000, 0x9f640000, 0xb3640000)
  eden space 16448K, 100% used [0x9e0f0000,0x9f100000,0x9f100000)
  from space 2688K, 17% used [0x9f3a0000,0x9f418050,0x9f640000)
  to   space 2688K, 0% used [0x9f100000,0x9f100000,0x9f3a0000)
 ParOldGen       total 43712K, used 2053K [0x73640000, 0x760f0000, 0x9e0f0000)
  object space 43712K, 4% used [0x73640000,0x73841550,0x760f0000)
 PSPermGen       total 16384K, used 5531K [0x6f640000, 0x70640000, 0x73640000)
  object space 16384K, 33% used [0x6f640000,0x6fba6fb8,0x70640000)
Event: 1,763 GC heap after
Heap after GC invocations=3 (full 0):
 PSYoungGen      total 19136K, used 416K [0x9e0f0000, 0x9f640000, 0xb3640000)
  eden space 16448K, 0% used [0x9e0f0000,0x9e0f0000,0x9f100000)
  from space 2688K, 15% used [0x9f100000,0x9f168070,0x9f3a0000)
  to   space 2688K, 0% used [0x9f3a0000,0x9f3a0000,0x9f640000)
 ParOldGen       total 43712K, used 2057K [0x73640000, 0x760f0000, 0x9e0f0000)
  object space 43712K, 4% used [0x73640000,0x73842550,0x760f0000)
 PSPermGen       total 16384K, used 5531K [0x6f640000, 0x70640000, 0x73640000)
  object space 16384K, 33% used [0x6f640000,0x6fba6fb8,0x70640000)
}
Event: 2,170 GC heap before
{Heap before GC invocations=4 (full 0):
 PSYoungGen      total 19136K, used 16864K [0x9e0f0000, 0x9f640000, 0xb3640000)
  eden space 16448K, 100% used [0x9e0f0000,0x9f100000,0x9f100000)
  from space 2688K, 15% used [0x9f100000,0x9f168070,0x9f3a0000)
  to   space 2688K, 0% used [0x9f3a0000,0x9f3a0000,0x9f640000)
 ParOldGen       total 43712K, used 2057K [0x73640000, 0x760f0000, 0x9e0f0000)
  object space 43712K, 4% used [0x73640000,0x73842550,0x760f0000)
 PSPermGen       total 16384K, used 5550K [0x6f640000, 0x70640000, 0x73640000)
  object space 16384K, 33% used [0x6f640000,0x6fbabaa0,0x70640000)
Event: 2,172 GC heap after
Heap after GC invocations=4 (full 0):
 PSYoungGen      total 19136K, used 472K [0x9e0f0000, 0x9f640000, 0xb3640000)
  eden space 16448K, 0% used [0x9e0f0000,0x9e0f0000,0x9f100000)
  from space 2688K, 17% used [0x9f3a0000,0x9f416060,0x9f640000)
  to   space 2688K, 0% used [0x9f100000,0x9f100000,0x9f3a0000)
 ParOldGen       total 43712K, used 2061K [0x73640000, 0x760f0000, 0x9e0f0000)
  object space 43712K, 4% used [0x73640000,0x73843550,0x760f0000)
 PSPermGen       total 16384K, used 5550K [0x6f640000, 0x70640000, 0x73640000)
  object space 16384K, 33% used [0x6f640000,0x6fbabaa0,0x70640000)
}
Event: 2,865 GC heap before
{Heap before GC invocations=5 (full 0):
 PSYoungGen      total 19136K, used 16920K [0x9e0f0000, 0x9f640000, 0xb3640000)
  eden space 16448K, 100% used [0x9e0f0000,0x9f100000,0x9f100000)
  from space 2688K, 17% used [0x9f3a0000,0x9f416060,0x9f640000)
  to   space 2688K, 0% used [0x9f100000,0x9f100000,0x9f3a0000)
 ParOldGen       total 43712K, used 2061K [0x73640000, 0x760f0000, 0x9e0f0000)
  object space 43712K, 4% used [0x73640000,0x73843550,0x760f0000)
 PSPermGen       total 16384K, used 7824K [0x6f640000, 0x70640000, 0x73640000)
  object space 16384K, 47% used [0x6f640000,0x6fde4010,0x70640000)
Event: 2,868 GC heap after
Heap after GC invocations=5 (full 0):
 PSYoungGen      total 18752K, used 2371K [0x9e0f0000, 0x9fa40000, 0xb3640000)
  eden space 16064K, 0% used [0x9e0f0000,0x9e0f0000,0x9f0a0000)
  from space 2688K, 88% used [0x9f100000,0x9f350ee8,0x9f3a0000)
  to   space 4928K, 0% used [0x9f570000,0x9f570000,0x9fa40000)
 ParOldGen       total 43712K, used 2065K [0x73640000, 0x760f0000, 0x9e0f0000)
  object space 43712K, 4% used [0x73640000,0x73844550,0x760f0000)
 PSPermGen       total 16384K, used 7824K [0x6f640000, 0x70640000, 0x73640000)
  object space 16384K, 47% used [0x6f640000,0x6fde4010,0x70640000)
}

