# JRE version: 7.0_21-b11
# Java VM: Java HotSpot(TM) Server VM (23.21-b01 mixed mode linux-x86 )
Heap
 PSYoungGen      total 18752K, used 4703K [0x9e0b0000, 0x9f9e0000, 0xb3600000)
  eden space 16064K, 14% used [0x9e0b0000,0x9e2f4618,0x9f060000)
  from space 2688K, 88% used [0x9f0c0000,0x9f3136c8,0x9f360000)
  to   space 4864K, 0% used [0x9f520000,0x9f520000,0x9f9e0000)
 ParOldGen       total 43712K, used 2001K [0x73600000, 0x760b0000, 0x9e0b0000)
  object space 43712K, 4% used [0x73600000,0x737f44b0,0x760b0000)
 PSPermGen       total 16384K, used 7993K [0x6f600000, 0x70600000, 0x73600000)
  object space 16384K, 48% used [0x6f600000,0x6fdce558,0x70600000)
GC Heap History (10 events):
Event: 0,746 GC heap before
{Heap before GC invocations=1 (full 0):
 PSYoungGen      total 19136K, used 16448K [0x9e0b0000, 0x9f600000, 0xb3600000)
  eden space 16448K, 100% used [0x9e0b0000,0x9f0c0000,0x9f0c0000)
  from space 2688K, 0% used [0x9f360000,0x9f360000,0x9f600000)
  to   space 2688K, 0% used [0x9f0c0000,0x9f0c0000,0x9f360000)
 ParOldGen       total 43712K, used 0K [0x73600000, 0x760b0000, 0x9e0b0000)
  object space 43712K, 0% used [0x73600000,0x73600000,0x760b0000)
 PSPermGen       total 16384K, used 5505K [0x6f600000, 0x70600000, 0x73600000)
  object space 16384K, 33% used [0x6f600000,0x6fb60468,0x70600000)
Event: 0,751 GC heap after
Heap after GC invocations=1 (full 0):
 PSYoungGen      total 19136K, used 2680K [0x9e0b0000, 0x9f600000, 0xb3600000)
  eden space 16448K, 0% used [0x9e0b0000,0x9e0b0000,0x9f0c0000)
  from space 2688K, 99% used [0x9f0c0000,0x9f35e0d0,0x9f360000)
  to   space 2688K, 0% used [0x9f360000,0x9f360000,0x9f600000)
 ParOldGen       total 43712K, used 1985K [0x73600000, 0x760b0000, 0x9e0b0000)
  object space 43712K, 4% used [0x73600000,0x737f04b0,0x760b0000)
 PSPermGen       total 16384K, used 5505K [0x6f600000, 0x70600000, 0x73600000)
  object space 16384K, 33% used [0x6f600000,0x6fb60468,0x70600000)
}
Event: 1,266 GC heap before
{Heap before GC invocations=2 (full 0):
 PSYoungGen      total 19136K, used 19128K [0x9e0b0000, 0x9f600000, 0xb3600000)
  eden space 16448K, 100% used [0x9e0b0000,0x9f0c0000,0x9f0c0000)
  from space 2688K, 99% used [0x9f0c0000,0x9f35e0d0,0x9f360000)
  to   space 2688K, 0% used [0x9f360000,0x9f360000,0x9f600000)
 ParOldGen       total 43712K, used 1985K [0x73600000, 0x760b0000, 0x9e0b0000)
  object space 43712K, 4% used [0x73600000,0x737f04b0,0x760b0000)
 PSPermGen       total 16384K, used 5522K [0x6f600000, 0x70600000, 0x73600000)
  object space 16384K, 33% used [0x6f600000,0x6fb64b78,0x70600000)
Event: 1,271 GC heap after
Heap after GC invocations=2 (full 0):
 PSYoungGen      total 19136K, used 440K [0x9e0b0000, 0x9f600000, 0xb3600000)
  eden space 16448K, 0% used [0x9e0b0000,0x9e0b0000,0x9f0c0000)
  from space 2688K, 16% used [0x9f360000,0x9f3ce060,0x9f600000)
  to   space 2688K, 0% used [0x9f0c0000,0x9f0c0000,0x9f360000)
 ParOldGen       total 43712K, used 1989K [0x73600000, 0x760b0000, 0x9e0b0000)
  object space 43712K, 4% used [0x73600000,0x737f14b0,0x760b0000)
 PSPermGen       total 16384K, used 5522K [0x6f600000, 0x70600000, 0x73600000)
  object space 16384K, 33% used [0x6f600000,0x6fb64b78,0x70600000)
}
Event: 1,751 GC heap before
{Heap before GC invocations=3 (full 0):
 PSYoungGen      total 19136K, used 16888K [0x9e0b0000, 0x9f600000, 0xb3600000)
  eden space 16448K, 100% used [0x9e0b0000,0x9f0c0000,0x9f0c0000)
  from space 2688K, 16% used [0x9f360000,0x9f3ce060,0x9f600000)
  to   space 2688K, 0% used [0x9f0c0000,0x9f0c0000,0x9f360000)
 ParOldGen       total 43712K, used 1989K [0x73600000, 0x760b0000, 0x9e0b0000)
  object space 43712K, 4% used [0x73600000,0x737f14b0,0x760b0000)
 PSPermGen       total 16384K, used 5531K [0x6f600000, 0x70600000, 0x73600000)
  object space 16384K, 33% used [0x6f600000,0x6fb66fb8,0x70600000)
Event: 1,754 GC heap after
Heap after GC invocations=3 (full 0):
 PSYoungGen      total 19136K, used 408K [0x9e0b0000, 0x9f600000, 0xb3600000)
  eden space 16448K, 0% used [0x9e0b0000,0x9e0b0000,0x9f0c0000)
  from space 2688K, 15% used [0x9f0c0000,0x9f126040,0x9f360000)
  to   space 2688K, 0% used [0x9f360000,0x9f360000,0x9f600000)
 ParOldGen       total 43712K, used 1993K [0x73600000, 0x760b0000, 0x9e0b0000)
  object space 43712K, 4% used [0x73600000,0x737f24b0,0x760b0000)
 PSPermGen       total 16384K, used 5531K [0x6f600000, 0x70600000, 0x73600000)
  object space 16384K, 33% used [0x6f600000,0x6fb66fb8,0x70600000)
}
Event: 2,152 GC heap before
{Heap before GC invocations=4 (full 0):
 PSYoungGen      total 19136K, used 16856K [0x9e0b0000, 0x9f600000, 0xb3600000)
  eden space 16448K, 100% used [0x9e0b0000,0x9f0c0000,0x9f0c0000)
  from space 2688K, 15% used [0x9f0c0000,0x9f126040,0x9f360000)
  to   space 2688K, 0% used [0x9f360000,0x9f360000,0x9f600000)
 ParOldGen       total 43712K, used 1993K [0x73600000, 0x760b0000, 0x9e0b0000)
  object space 43712K, 4% used [0x73600000,0x737f24b0,0x760b0000)
 PSPermGen       total 16384K, used 5550K [0x6f600000, 0x70600000, 0x73600000)
  object space 16384K, 33% used [0x6f600000,0x6fb6baa0,0x70600000)
Event: 2,154 GC heap after
Heap after GC invocations=4 (full 0):
 PSYoungGen      total 19136K, used 464K [0x9e0b0000, 0x9f600000, 0xb3600000)
  eden space 16448K, 0% used [0x9e0b0000,0x9e0b0000,0x9f0c0000)
  from space 2688K, 17% used [0x9f360000,0x9f3d4050,0x9f600000)
  to   space 2688K, 0% used [0x9f0c0000,0x9f0c0000,0x9f360000)
 ParOldGen       total 43712K, used 1997K [0x73600000, 0x760b0000, 0x9e0b0000)
  object space 43712K, 4% used [0x73600000,0x737f34b0,0x760b0000)
 PSPermGen       total 16384K, used 5550K [0x6f600000, 0x70600000, 0x73600000)
  object space 16384K, 33% used [0x6f600000,0x6fb6baa0,0x70600000)
}
Event: 2,863 GC heap before
{Heap before GC invocations=5 (full 0):
 PSYoungGen      total 19136K, used 16912K [0x9e0b0000, 0x9f600000, 0xb3600000)
  eden space 16448K, 100% used [0x9e0b0000,0x9f0c0000,0x9f0c0000)
  from space 2688K, 17% used [0x9f360000,0x9f3d4050,0x9f600000)
  to   space 2688K, 0% used [0x9f0c0000,0x9f0c0000,0x9f360000)
 ParOldGen       total 43712K, used 1997K [0x73600000, 0x760b0000, 0x9e0b0000)
  object space 43712K, 4% used [0x73600000,0x737f34b0,0x760b0000)
 PSPermGen       total 16384K, used 7826K [0x6f600000, 0x70600000, 0x73600000)
  object space 16384K, 47% used [0x6f600000,0x6fda49c0,0x70600000)
Event: 2,866 GC heap after
Heap after GC invocations=5 (full 0):
 PSYoungGen      total 18752K, used 2381K [0x9e0b0000, 0x9f9e0000, 0xb3600000)
  eden space 16064K, 0% used [0x9e0b0000,0x9e0b0000,0x9f060000)
  from space 2688K, 88% used [0x9f0c0000,0x9f3136c8,0x9f360000)
  to   space 4864K, 0% used [0x9f520000,0x9f520000,0x9f9e0000)
 ParOldGen       total 43712K, used 2001K [0x73600000, 0x760b0000, 0x9e0b0000)
  object space 43712K, 4% used [0x73600000,0x737f44b0,0x760b0000)
 PSPermGen       total 16384K, used 7826K [0x6f600000, 0x70600000, 0x73600000)
  object space 16384K, 47% used [0x6f600000,0x6fda49c0,0x70600000)
}

