# JRE version: 7.0_21-b11
# Java VM: Java HotSpot(TM) Server VM (23.21-b01 mixed mode linux-x86 )
Heap
 PSYoungGen      total 18752K, used 4691K [0x9e0f0000, 0x9fa20000, 0xb3640000)
  eden space 16064K, 14% used [0x9e0f0000,0x9e336320,0x9f0a0000)
  from space 2688K, 87% used [0x9f100000,0x9f34e9b0,0x9f3a0000)
  to   space 4864K, 0% used [0x9f560000,0x9f560000,0x9fa20000)
 ParOldGen       total 43712K, used 2013K [0x73640000, 0x760f0000, 0x9e0f0000)
  object space 43712K, 4% used [0x73640000,0x738374c0,0x760f0000)
 PSPermGen       total 16384K, used 7993K [0x6f640000, 0x70640000, 0x73640000)
  object space 16384K, 48% used [0x6f640000,0x6fe0e558,0x70640000)
GC Heap History (10 events):
Event: 0,734 GC heap before
{Heap before GC invocations=1 (full 0):
 PSYoungGen      total 19136K, used 16448K [0x9e0f0000, 0x9f640000, 0xb3640000)
  eden space 16448K, 100% used [0x9e0f0000,0x9f100000,0x9f100000)
  from space 2688K, 0% used [0x9f3a0000,0x9f3a0000,0x9f640000)
  to   space 2688K, 0% used [0x9f100000,0x9f100000,0x9f3a0000)
 ParOldGen       total 43712K, used 0K [0x73640000, 0x760f0000, 0x9e0f0000)
  object space 43712K, 0% used [0x73640000,0x73640000,0x760f0000)
 PSPermGen       total 16384K, used 5504K [0x6f640000, 0x70640000, 0x73640000)
  object space 16384K, 33% used [0x6f640000,0x6fba03f0,0x70640000)
Event: 0,738 GC heap after
Heap after GC invocations=1 (full 0):
 PSYoungGen      total 19136K, used 2684K [0x9e0f0000, 0x9f640000, 0xb3640000)
  eden space 16448K, 0% used [0x9e0f0000,0x9e0f0000,0x9f100000)
  from space 2688K, 99% used [0x9f100000,0x9f39f100,0x9f3a0000)
  to   space 2688K, 0% used [0x9f3a0000,0x9f3a0000,0x9f640000)
 ParOldGen       total 43712K, used 1997K [0x73640000, 0x760f0000, 0x9e0f0000)
  object space 43712K, 4% used [0x73640000,0x738334c0,0x760f0000)
 PSPermGen       total 16384K, used 5504K [0x6f640000, 0x70640000, 0x73640000)
  object space 16384K, 33% used [0x6f640000,0x6fba03f0,0x70640000)
}
Event: 1,269 GC heap before
{Heap before GC invocations=2 (full 0):
 PSYoungGen      total 19136K, used 19132K [0x9e0f0000, 0x9f640000, 0xb3640000)
  eden space 16448K, 100% used [0x9e0f0000,0x9f100000,0x9f100000)
  from space 2688K, 99% used [0x9f100000,0x9f39f100,0x9f3a0000)
  to   space 2688K, 0% used [0x9f3a0000,0x9f3a0000,0x9f640000)
 ParOldGen       total 43712K, used 1997K [0x73640000, 0x760f0000, 0x9e0f0000)
  object space 43712K, 4% used [0x73640000,0x738334c0,0x760f0000)
 PSPermGen       total 16384K, used 5522K [0x6f640000, 0x70640000, 0x73640000)
  object space 16384K, 33% used [0x6f640000,0x6fba4af0,0x70640000)
Event: 1,270 GC heap after
Heap after GC invocations=2 (full 0):
 PSYoungGen      total 19136K, used 384K [0x9e0f0000, 0x9f640000, 0xb3640000)
  eden space 16448K, 0% used [0x9e0f0000,0x9e0f0000,0x9f100000)
  from space 2688K, 14% used [0x9f3a0000,0x9f400070,0x9f640000)
  to   space 2688K, 0% used [0x9f100000,0x9f100000,0x9f3a0000)
 ParOldGen       total 43712K, used 2001K [0x73640000, 0x760f0000, 0x9e0f0000)
  object space 43712K, 4% used [0x73640000,0x738344c0,0x760f0000)
 PSPermGen       total 16384K, used 5522K [0x6f640000, 0x70640000, 0x73640000)
  object space 16384K, 33% used [0x6f640000,0x6fba4af0,0x70640000)
}
Event: 1,753 GC heap before
{Heap before GC invocations=3 (full 0):
 PSYoungGen      total 19136K, used 16832K [0x9e0f0000, 0x9f640000, 0xb3640000)
  eden space 16448K, 100% used [0x9e0f0000,0x9f100000,0x9f100000)
  from space 2688K, 14% used [0x9f3a0000,0x9f400070,0x9f640000)
  to   space 2688K, 0% used [0x9f100000,0x9f100000,0x9f3a0000)
 ParOldGen       total 43712K, used 2001K [0x73640000, 0x760f0000, 0x9e0f0000)
  object space 43712K, 4% used [0x73640000,0x738344c0,0x760f0000)
 PSPermGen       total 16384K, used 5531K [0x6f640000, 0x70640000, 0x73640000)
  object space 16384K, 33% used [0x6f640000,0x6fba6f40,0x70640000)
Event: 1,755 GC heap after
Heap after GC invocations=3 (full 0):
 PSYoungGen      total 19136K, used 424K [0x9e0f0000, 0x9f640000, 0xb3640000)
  eden space 16448K, 0% used [0x9e0f0000,0x9e0f0000,0x9f100000)
  from space 2688K, 15% used [0x9f100000,0x9f16a060,0x9f3a0000)
  to   space 2688K, 0% used [0x9f3a0000,0x9f3a0000,0x9f640000)
 ParOldGen       total 43712K, used 2005K [0x73640000, 0x760f0000, 0x9e0f0000)
  object space 43712K, 4% used [0x73640000,0x738354c0,0x760f0000)
 PSPermGen       total 16384K, used 5531K [0x6f640000, 0x70640000, 0x73640000)
  object space 16384K, 33% used [0x6f640000,0x6fba6f40,0x70640000)
}
Event: 2,161 GC heap before
{Heap before GC invocations=4 (full 0):
 PSYoungGen      total 19136K, used 16872K [0x9e0f0000, 0x9f640000, 0xb3640000)
  eden space 16448K, 100% used [0x9e0f0000,0x9f100000,0x9f100000)
  from space 2688K, 15% used [0x9f100000,0x9f16a060,0x9f3a0000)
  to   space 2688K, 0% used [0x9f3a0000,0x9f3a0000,0x9f640000)
 ParOldGen       total 43712K, used 2005K [0x73640000, 0x760f0000, 0x9e0f0000)
  object space 43712K, 4% used [0x73640000,0x738354c0,0x760f0000)
 PSPermGen       total 16384K, used 5550K [0x6f640000, 0x70640000, 0x73640000)
  object space 16384K, 33% used [0x6f640000,0x6fbaba28,0x70640000)
Event: 2,163 GC heap after
Heap after GC invocations=4 (full 0):
 PSYoungGen      total 19136K, used 424K [0x9e0f0000, 0x9f640000, 0xb3640000)
  eden space 16448K, 0% used [0x9e0f0000,0x9e0f0000,0x9f100000)
  from space 2688K, 15% used [0x9f3a0000,0x9f40a060,0x9f640000)
  to   space 2688K, 0% used [0x9f100000,0x9f100000,0x9f3a0000)
 ParOldGen       total 43712K, used 2009K [0x73640000, 0x760f0000, 0x9e0f0000)
  object space 43712K, 4% used [0x73640000,0x738364c0,0x760f0000)
 PSPermGen       total 16384K, used 5550K [0x6f640000, 0x70640000, 0x73640000)
  object space 16384K, 33% used [0x6f640000,0x6fbaba28,0x70640000)
}
Event: 2,845 GC heap before
{Heap before GC invocations=5 (full 0):
 PSYoungGen      total 19136K, used 16872K [0x9e0f0000, 0x9f640000, 0xb3640000)
  eden space 16448K, 100% used [0x9e0f0000,0x9f100000,0x9f100000)
  from space 2688K, 15% used [0x9f3a0000,0x9f40a060,0x9f640000)
  to   space 2688K, 0% used [0x9f100000,0x9f100000,0x9f3a0000)
 ParOldGen       total 43712K, used 2009K [0x73640000, 0x760f0000, 0x9e0f0000)
  object space 43712K, 4% used [0x73640000,0x738364c0,0x760f0000)
 PSPermGen       total 16384K, used 7826K [0x6f640000, 0x70640000, 0x73640000)
  object space 16384K, 47% used [0x6f640000,0x6fde49c0,0x70640000)
Event: 2,848 GC heap after
Heap after GC invocations=5 (full 0):
 PSYoungGen      total 18752K, used 2362K [0x9e0f0000, 0x9fa20000, 0xb3640000)
  eden space 16064K, 0% used [0x9e0f0000,0x9e0f0000,0x9f0a0000)
  from space 2688K, 87% used [0x9f100000,0x9f34e9b0,0x9f3a0000)
  to   space 4864K, 0% used [0x9f560000,0x9f560000,0x9fa20000)
 ParOldGen       total 43712K, used 2013K [0x73640000, 0x760f0000, 0x9e0f0000)
  object space 43712K, 4% used [0x73640000,0x738374c0,0x760f0000)
 PSPermGen       total 16384K, used 7826K [0x6f640000, 0x70640000, 0x73640000)
  object space 16384K, 47% used [0x6f640000,0x6fde49c0,0x70640000)
}

